<?xml version="1.0" encoding="ISO-8859-1" ?>
<!DOCTYPE html PUBLIC "-//W3C//DTD XHTML 1.0 Strict//EN"
"http://www.w3.org/TR/xhtml1/DTD/xhtml1-strict.dtd">
<html xmlns="http://www.w3.org/1999/xhtml" xml:lang="en" lang="en">
<head>
  <meta http-equiv="Content-Type" content="text/html;charset=utf-8" />
  <meta name="description" content="TestNG unit test results." />
  <link href="css/bootstrap.min.css" rel="stylesheet" />
  <link href="css/reportngClass.css" rel="stylesheet" />
  <script type="text/javascript" src="js/reportngClass.js"></script>
  <script type="text/javascript" src="js/jquery-1.4.4.min.js"></script> 
  <script type="text/javascript" src="js/jquery.tablesorter.min.js"></script>
  <script type="text/javascript" src="js/json-min.js"></script>
  <script type="text/javascript">
	$(document).ready(function(){
		$('.tablesorter').tablesorter({sortList: [[0,0]]});
	});
  </script>
</head>
<body onload="doParse(); return false;" onkeypress="collapseExpand();">
<div class="well well-large">
	<b>Test Info</>
	<table class="table">
	  <tr>
	    <th>Test Name : </th>
	    <th>
	    	<div class="tooltipCustom">
	    		<img src="images/copy.png" width="10" height="15" alt="Copy to Clipboard" onclick="copyToClipboard('#testNameId')"/>
	    		<span class="tooltiptextCustom">Copy Test name</span>
			</div>
	    </th>
	    <th id="testNameId">Test</th> 
	  </tr>
	  <tr>
	    <th>Test Class : </th>
	    <th>
	    	<div class="tooltipCustom">
	    		<img src="images/copy.png" width="10" height="15" alt="Copy to Clipboard" onclick="copyToClipboard('#testClassId')"/>
	    		<span class="tooltiptextCustom">Copy full path Class name</span>
			</div>
	    	<div class="tooltipCustom">
	    		<img src="images/copy.png" width="10" height="15" alt="Copy to Clipboard" onclick="copyToClipboard('#testClassNameId')"/>
	    		<span class="tooltiptextCustom">Copy Class name</span>
			</div>
	    </th> 
	    <th id="testClassId">JDGroup.AndroidTest.ForgotPasswordTest<br>JDGroup.AndroidTest.LoginTest<br></th>
	    <th id="testClassNameId" hidden="true">ForgotPasswordTest<br>LoginTest<br></th>
	  </tr>
	  <tr>
	    <th>Suite Name : </th>
	    <th>
	    	<div class="tooltipCustom">
	    		<img src="images/copy.png" width="10" height="15" alt="Copy to Clipboard" onclick="copyToClipboard('#suiteNameId')"/>
	    		<span class="tooltiptextCustom">Copy Suite name</span>
			</div>
		</th>
	    <th id="suiteNameId">Suite</th>
	  </tr>
	  <tr>
	    <th>Suite XML : </th>
	    <th>
	    	<div class="tooltipCustom">
	    		<img src="images/copy.png" width="10" height="15" alt="Copy to Clipboard" onclick="copyToClipboard('#suiteXMLId')"/>
	    		<span class="tooltiptextCustom">Copy Suite full path name</span>
			</div>
	    	<div class="tooltipCustom">
	    		<img src="images/copy.png" width="10" height="15" alt="Copy to Clipboard" onclick="copyToClipboard('#suiteXMLNameId')"/>
	    		<span class="tooltiptextCustom">Copy Suite file name</span>
			</div>
	    </th> 
	  	<th id="suiteXMLId">C:\Users\nisha\OneDrive\Desktop\AndroidTest\testsuites\testng.xml</th>
	  	<th id="suiteXMLNameId" hidden="true">testng.xml</th>
	  </tr>
	  	  <tr>
	    <th>Total Time : </th>
	    <th></th>
	    <th>00:11:06</th> 
	  </tr>
	  <tr>
	    <th>Total Steps : </th>
	   	<th></th>
	    <th>2</th> 
	  </tr>
	  <tr>
	    <th>Status : </th>
	    <th></th>
	    <th><font color="red">FAIL</font></th> 
	  </tr>
	</table>
</div>
<div class="well well-large">
	<div class="row">
		<div class="col-xs-12">
	        <div class="text-right">
	            <button id="hideResults" type="button" class="btn-danger" onclick="collapseExpand(this);" onkeypress="collapseExpand(this);" class="btn pull-right" title="Click or Press Any key to collapse/expand All Failed Tests and Configuration Methods">Show Only Failures</button>
	        </div>
	    </div>
	</div>
	<table class="tablesorter" border="1">
		<thead>
		<tr>
		<th class="headerTime">Time</th>
		<th class="headerTime" width="12%">Info</th>
		<th class="headerTime" width="88%">Test</th>
		</tr>
		</thead>
		<tbody>
		
				
				
																
											<tr>
	<td class="time">1713784715793</td>
	<td class="header failed" colspan="4" onClick="toggleElement('f6f28017-2641-4a48-bb1a-1c002310619c','block');changeSingleIcon('span-f6f28017-2641-4a48-bb1a-1c002310619c');" title="Click to expand/collapse" style="cursor: pointer;">
	<div style="float:left;"><i>Class&nbsp;:&nbsp;</i>JDGroup.AndroidTest.LoginTest</div>
	<div style="float:right;">@Test @ with DataProvider : ["testdata"] &nbsp;&nbsp;<span id='span-f6f28017-2641-4a48-bb1a-1c002310619c' class="glyphicon glyphicon-menu-down"></span></div>
	</td>
	</tr>
<tr>
	<td class="time">1713784715793</td>
	<td class="methodTest">
		<span class="description"><b>Method: </b>Login</span><br>
			<span class="description"><b>Description: </b></span><br>
							<span class="duration"><b>Duration: </b>71,553s</span><br>
	</td>
	<td class="result">
					<i>Method arguments: </i><span class="arguments">"test_agent@jdg.co.za", "TestingUser_2024"</span><br>
				<div class="noCollapse" id="f6f28017-2641-4a48-bb1a-1c002310619c" style="display: block;">
						<a href="javascript:toggleElement('exception-f6f28017-2641-4a48-bb1a-1c002310619c','block')" title="Click to expand/collapse"><b>org.openqa.selenium.NoSuchElementException: no such element: Unable to locate element: {&quot;method&quot;:&quot;xpath&quot;,&quot;selector&quot;:&quot;(.//*[normalize-space(text()) and normalize-space(.)=&apos;Buy Now!&apos;])[1]/following::p[2]&quot;}<br/>
&nbsp; (Session info: chrome=124.0.6355.0)<br/>
For documentation on this error, please visit: https://www.selenium.dev/documentation/webdriver/troubleshooting/errors#no-such-element-exception<br/>
Build info: version: &apos;4.19.1&apos;, revision: &apos;abe0ee07dc&apos;<br/>
System info: os.name: &apos;Windows 11&apos;, os.arch: &apos;amd64&apos;, os.version: &apos;10.0&apos;, java.version: &apos;17.0.10&apos;<br/>
Driver info: io.appium.java_client.android.AndroidDriver<br/>
Command: [9fadf88f-8442-4379-80eb-c25bd9ef7b76, findElement {value=(.//*[normalize-space(text()) and normalize-space(.)=&apos;Buy Now!&apos;])[1]/following::p[2], using=xpath}]<br/>
Capabilities {appium:automationName: UIAutomator2, appium:chromedriverExecutable: C:\Users\nisha\Downloads\ch..., appium:databaseEnabled: false, appium:desired: {appActivity: com.google.android.apps.chr..., appPackage: com.android.chrome, automationName: UIAutomator2, browserName: Chrome, chromedriverExecutable: C:\Users\nisha\Downloads\ch..., deviceName: NishaPhone3, platformName: ANDROID}, appium:deviceApiLevel: 34, appium:deviceManufacturer: Google, appium:deviceModel: sdk_gphone64_x86_64, appium:deviceName: emulator-5554, appium:deviceScreenDensity: 420, appium:deviceScreenSize: 1080x2400, appium:deviceUDID: emulator-5554, appium:javascriptEnabled: true, appium:locationContextEnabled: false, appium:networkConnectionEnabled: true, appium:pixelRatio: 2.625, appium:platformVersion: 14, appium:statBarHeight: 63, appium:takesScreenshot: true, appium:viewportRect: {height: 2337, left: 0, top: 63, width: 1080}, appium:warnings: {}, appium:webStorageEnabled: false, browserName: Chrome, platformName: ANDROID}<br/>
Session ID: 9fadf88f-8442-4379-80eb-c25bd9ef7b76</b></a><br/>
		<div class="stackTrace" id="exception-f6f28017-2641-4a48-bb1a-1c002310619c">
					java.base/jdk.internal.reflect.NativeConstructorAccessorImpl.newInstance0(Native Method)<br/>
					java.base/jdk.internal.reflect.NativeConstructorAccessorImpl.newInstance(NativeConstructorAccessorImpl.java:77)<br/>
					java.base/jdk.internal.reflect.DelegatingConstructorAccessorImpl.newInstance(DelegatingConstructorAccessorImpl.java:45)<br/>
					java.base/java.lang.reflect.Constructor.newInstanceWithCaller(Constructor.java:499)<br/>
					java.base/java.lang.reflect.Constructor.newInstance(Constructor.java:480)<br/>
					org.openqa.selenium.remote.ErrorCodec.decode(ErrorCodec.java:167)<br/>
					org.openqa.selenium.remote.codec.w3c.W3CHttpResponseCodec.decode(W3CHttpResponseCodec.java:138)<br/>
					org.openqa.selenium.remote.codec.w3c.W3CHttpResponseCodec.decode(W3CHttpResponseCodec.java:50)<br/>
					org.openqa.selenium.remote.HttpCommandExecutor.execute(HttpCommandExecutor.java:190)<br/>
					io.appium.java_client.remote.AppiumCommandExecutor.execute(AppiumCommandExecutor.java:237)<br/>
					org.openqa.selenium.remote.RemoteWebDriver.execute(RemoteWebDriver.java:518)<br/>
					org.openqa.selenium.remote.ElementLocation$ElementFinder$2.findElement(ElementLocation.java:165)<br/>
					org.openqa.selenium.remote.ElementLocation.findElement(ElementLocation.java:59)<br/>
					org.openqa.selenium.remote.RemoteWebDriver.findElement(RemoteWebDriver.java:355)<br/>
					org.openqa.selenium.remote.RemoteWebDriver.findElement(RemoteWebDriver.java:349)<br/>
					JDGroup.AndroidTest.LoginTest.Login(LoginTest.java:57)<br/>
					java.base/jdk.internal.reflect.NativeMethodAccessorImpl.invoke0(Native Method)<br/>
					java.base/jdk.internal.reflect.NativeMethodAccessorImpl.invoke(NativeMethodAccessorImpl.java:77)<br/>
					java.base/jdk.internal.reflect.DelegatingMethodAccessorImpl.invoke(DelegatingMethodAccessorImpl.java:43)<br/>
					java.base/java.lang.reflect.Method.invoke(Method.java:568)<br/>
					org.testng.internal.MethodInvocationHelper.invokeMethod(MethodInvocationHelper.java:133)<br/>
					org.testng.internal.TestInvoker.invokeMethod(TestInvoker.java:598)<br/>
					org.testng.internal.TestInvoker.retryFailed(TestInvoker.java:213)<br/>
					org.testng.internal.MethodRunner.runInSequence(MethodRunner.java:58)<br/>
					org.testng.internal.TestInvoker$MethodInvocationAgent.invoke(TestInvoker.java:824)<br/>
					org.testng.internal.TestInvoker.invokeTestMethods(TestInvoker.java:146)<br/>
					org.testng.internal.TestMethodWorker.invokeTestMethods(TestMethodWorker.java:146)<br/>
					org.testng.internal.TestMethodWorker.run(TestMethodWorker.java:128)<br/>
					java.base/java.util.ArrayList.forEach(ArrayList.java:1511)<br/>
					org.testng.TestRunner.privateRun(TestRunner.java:794)<br/>
					org.testng.TestRunner.run(TestRunner.java:596)<br/>
					org.testng.SuiteRunner.runTest(SuiteRunner.java:377)<br/>
					org.testng.SuiteRunner.runSequentially(SuiteRunner.java:371)<br/>
					org.testng.SuiteRunner.privateRun(SuiteRunner.java:332)<br/>
					org.testng.SuiteRunner.run(SuiteRunner.java:276)<br/>
					org.testng.SuiteRunnerWorker.runSuite(SuiteRunnerWorker.java:53)<br/>
					org.testng.SuiteRunnerWorker.run(SuiteRunnerWorker.java:96)<br/>
					org.testng.TestNG.runSuitesSequentially(TestNG.java:1212)<br/>
					org.testng.TestNG.runSuitesLocally(TestNG.java:1134)<br/>
					org.testng.TestNG.runSuites(TestNG.java:1063)<br/>
					org.testng.TestNG.run(TestNG.java:1031)<br/>
					org.testng.remote.AbstractRemoteTestNG.run(AbstractRemoteTestNG.java:115)<br/>
					org.testng.remote.RemoteTestNG.initAndRun(RemoteTestNG.java:293)<br/>
					org.testng.remote.RemoteTestNG.main(RemoteTestNG.java:91)<br/>
						</div>
		</td>
	</div>
</tr>
						
											<tr>
	<td class="time">1713784304701</td>
	<td class="header skipped" colspan="4" onClick="toggleElement('5080ca2d-ab83-42b2-9f45-4804575c51ee','block');changeSingleIcon('span-5080ca2d-ab83-42b2-9f45-4804575c51ee');" title="Click to expand/collapse" style="cursor: pointer;">
	<div style="float:left;"><i>Class&nbsp;:&nbsp;</i>JDGroup.AndroidTest.ForgotPasswordTest</div>
	<div style="float:right;">@Test @ with DataProvider : ["testdata"] &nbsp;&nbsp;<span id='span-5080ca2d-ab83-42b2-9f45-4804575c51ee' class="glyphicon glyphicon-menu-down"></span></div>
	</td>
	</tr>
<tr>
	<td class="time">1713784304701</td>
	<td class="methodTest">
		<span class="description"><b>Method: </b>Forgotpassword</span><br>
			<span class="description"><b>Description: </b></span><br>
							<span class="duration"><b>Duration: </b>23,634s</span><br>
	</td>
	<td class="result">
		 								<i>Method arguments: </i><span class="arguments">"test@123", "sacgusaguas", "Abc1234@ijklMno"</span><br>
				<div class="stackTrace" id="5080ca2d-ab83-42b2-9f45-4804575c51ee" style="display: block;">
						<a href="javascript:toggleElement('exception-5080ca2d-ab83-42b2-9f45-4804575c51ee','block')" title="Click to expand/collapse"><b>org.openqa.selenium.TimeoutException: timeout: Timed out receiving message from renderer: 10.000<br/>
&nbsp; (Session info: chrome=124.0.6355.0)<br/>
Build info: version: &apos;4.19.1&apos;, revision: &apos;abe0ee07dc&apos;<br/>
System info: os.name: &apos;Windows 11&apos;, os.arch: &apos;amd64&apos;, os.version: &apos;10.0&apos;, java.version: &apos;17.0.10&apos;<br/>
Driver info: io.appium.java_client.android.AndroidDriver<br/>
Command: [4467c6c0-de0a-4375-be1d-8a71a4cbdbd6, findElement {value=//a[@Class=&apos;redirect-customizable&apos;], using=xpath}]<br/>
Capabilities {appium:automationName: UIAutomator2, appium:chromedriverExecutable: C:\Users\nisha\Downloads\ch..., appium:databaseEnabled: false, appium:desired: {appActivity: com.google.android.apps.chr..., appPackage: com.android.chrome, automationName: UIAutomator2, browserName: Chrome, chromedriverExecutable: C:\Users\nisha\Downloads\ch..., deviceName: NishaPhone3, platformName: ANDROID}, appium:deviceApiLevel: 34, appium:deviceManufacturer: Google, appium:deviceModel: sdk_gphone64_x86_64, appium:deviceName: emulator-5554, appium:deviceScreenDensity: 420, appium:deviceScreenSize: 1080x2400, appium:deviceUDID: emulator-5554, appium:javascriptEnabled: true, appium:locationContextEnabled: false, appium:networkConnectionEnabled: true, appium:pixelRatio: 2.625, appium:platformVersion: 14, appium:statBarHeight: 63, appium:takesScreenshot: true, appium:viewportRect: {height: 2337, left: 0, top: 63, width: 1080}, appium:warnings: {}, appium:webStorageEnabled: false, browserName: Chrome, platformName: ANDROID}<br/>
Session ID: 4467c6c0-de0a-4375-be1d-8a71a4cbdbd6</b></a><br/>
		<div class="stackTrace" id="exception-5080ca2d-ab83-42b2-9f45-4804575c51ee">
					java.base/jdk.internal.reflect.NativeConstructorAccessorImpl.newInstance0(Native Method)<br/>
					java.base/jdk.internal.reflect.NativeConstructorAccessorImpl.newInstance(NativeConstructorAccessorImpl.java:77)<br/>
					java.base/jdk.internal.reflect.DelegatingConstructorAccessorImpl.newInstance(DelegatingConstructorAccessorImpl.java:45)<br/>
					java.base/java.lang.reflect.Constructor.newInstanceWithCaller(Constructor.java:499)<br/>
					java.base/java.lang.reflect.Constructor.newInstance(Constructor.java:480)<br/>
					org.openqa.selenium.remote.ErrorCodec.decode(ErrorCodec.java:167)<br/>
					org.openqa.selenium.remote.codec.w3c.W3CHttpResponseCodec.decode(W3CHttpResponseCodec.java:138)<br/>
					org.openqa.selenium.remote.codec.w3c.W3CHttpResponseCodec.decode(W3CHttpResponseCodec.java:50)<br/>
					org.openqa.selenium.remote.HttpCommandExecutor.execute(HttpCommandExecutor.java:190)<br/>
					io.appium.java_client.remote.AppiumCommandExecutor.execute(AppiumCommandExecutor.java:237)<br/>
					org.openqa.selenium.remote.RemoteWebDriver.execute(RemoteWebDriver.java:518)<br/>
					org.openqa.selenium.remote.ElementLocation$ElementFinder$2.findElement(ElementLocation.java:165)<br/>
					org.openqa.selenium.remote.ElementLocation.findElement(ElementLocation.java:59)<br/>
					org.openqa.selenium.remote.RemoteWebDriver.findElement(RemoteWebDriver.java:355)<br/>
					org.openqa.selenium.remote.RemoteWebDriver.findElement(RemoteWebDriver.java:349)<br/>
					JDGroup.AndroidTest.ForgotPasswordTest.Forgotpassword(ForgotPasswordTest.java:23)<br/>
					java.base/jdk.internal.reflect.NativeMethodAccessorImpl.invoke0(Native Method)<br/>
					java.base/jdk.internal.reflect.NativeMethodAccessorImpl.invoke(NativeMethodAccessorImpl.java:77)<br/>
					java.base/jdk.internal.reflect.DelegatingMethodAccessorImpl.invoke(DelegatingMethodAccessorImpl.java:43)<br/>
					java.base/java.lang.reflect.Method.invoke(Method.java:568)<br/>
					org.testng.internal.MethodInvocationHelper.invokeMethod(MethodInvocationHelper.java:133)<br/>
					org.testng.internal.TestInvoker.invokeMethod(TestInvoker.java:598)<br/>
					org.testng.internal.TestInvoker.invokeTestMethod(TestInvoker.java:173)<br/>
					org.testng.internal.MethodRunner.runInSequence(MethodRunner.java:46)<br/>
					org.testng.internal.TestInvoker$MethodInvocationAgent.invoke(TestInvoker.java:824)<br/>
					org.testng.internal.TestInvoker.invokeTestMethods(TestInvoker.java:146)<br/>
					org.testng.internal.TestMethodWorker.invokeTestMethods(TestMethodWorker.java:146)<br/>
					org.testng.internal.TestMethodWorker.run(TestMethodWorker.java:128)<br/>
					java.base/java.util.ArrayList.forEach(ArrayList.java:1511)<br/>
					org.testng.TestRunner.privateRun(TestRunner.java:794)<br/>
					org.testng.TestRunner.run(TestRunner.java:596)<br/>
					org.testng.SuiteRunner.runTest(SuiteRunner.java:377)<br/>
					org.testng.SuiteRunner.runSequentially(SuiteRunner.java:371)<br/>
					org.testng.SuiteRunner.privateRun(SuiteRunner.java:332)<br/>
					org.testng.SuiteRunner.run(SuiteRunner.java:276)<br/>
					org.testng.SuiteRunnerWorker.runSuite(SuiteRunnerWorker.java:53)<br/>
					org.testng.SuiteRunnerWorker.run(SuiteRunnerWorker.java:96)<br/>
					org.testng.TestNG.runSuitesSequentially(TestNG.java:1212)<br/>
					org.testng.TestNG.runSuitesLocally(TestNG.java:1134)<br/>
					org.testng.TestNG.runSuites(TestNG.java:1063)<br/>
					org.testng.TestNG.run(TestNG.java:1031)<br/>
					org.testng.remote.AbstractRemoteTestNG.run(AbstractRemoteTestNG.java:115)<br/>
					org.testng.remote.RemoteTestNG.initAndRun(RemoteTestNG.java:293)<br/>
					org.testng.remote.RemoteTestNG.main(RemoteTestNG.java:91)<br/>
						</div>
		</td>
	</div>
</tr>
									<tr>
	<td class="time">1713784516420</td>
	<td class="header skipped" colspan="4" onClick="toggleElement('3acf9a66-c288-42ad-a982-48a217ccb35c','block');changeSingleIcon('span-3acf9a66-c288-42ad-a982-48a217ccb35c');" title="Click to expand/collapse" style="cursor: pointer;">
	<div style="float:left;"><i>Class&nbsp;:&nbsp;</i>JDGroup.AndroidTest.LoginTest</div>
	<div style="float:right;">@Test @ with DataProvider : ["testdata"] &nbsp;&nbsp;<span id='span-3acf9a66-c288-42ad-a982-48a217ccb35c' class="glyphicon glyphicon-menu-down"></span></div>
	</td>
	</tr>
<tr>
	<td class="time">1713784516420</td>
	<td class="methodTest">
		<span class="description"><b>Method: </b>Login</span><br>
			<span class="description"><b>Description: </b></span><br>
							<span class="duration"><b>Duration: </b>91,290s</span><br>
	</td>
	<td class="result">
		 								<i>Method arguments: </i><span class="arguments">"test_agent@jdg.co.za", "TestingUser_2024"</span><br>
				<div class="stackTrace" id="3acf9a66-c288-42ad-a982-48a217ccb35c" style="display: block;">
						<a href="javascript:toggleElement('exception-3acf9a66-c288-42ad-a982-48a217ccb35c','block')" title="Click to expand/collapse"><b>org.openqa.selenium.NoSuchElementException: no such element: Unable to locate element: {&quot;method&quot;:&quot;xpath&quot;,&quot;selector&quot;:&quot;(.//*[normalize-space(text()) and normalize-space(.)=&apos;Buy Now!&apos;])[1]/following::p[2]&quot;}<br/>
&nbsp; (Session info: chrome=124.0.6355.0)<br/>
For documentation on this error, please visit: https://www.selenium.dev/documentation/webdriver/troubleshooting/errors#no-such-element-exception<br/>
Build info: version: &apos;4.19.1&apos;, revision: &apos;abe0ee07dc&apos;<br/>
System info: os.name: &apos;Windows 11&apos;, os.arch: &apos;amd64&apos;, os.version: &apos;10.0&apos;, java.version: &apos;17.0.10&apos;<br/>
Driver info: io.appium.java_client.android.AndroidDriver<br/>
Command: [12dd0f32-899a-4193-96c0-2fdff2709ab1, findElement {value=(.//*[normalize-space(text()) and normalize-space(.)=&apos;Buy Now!&apos;])[1]/following::p[2], using=xpath}]<br/>
Capabilities {appium:automationName: UIAutomator2, appium:chromedriverExecutable: C:\Users\nisha\Downloads\ch..., appium:databaseEnabled: false, appium:desired: {appActivity: com.google.android.apps.chr..., appPackage: com.android.chrome, automationName: UIAutomator2, browserName: Chrome, chromedriverExecutable: C:\Users\nisha\Downloads\ch..., deviceName: NishaPhone3, platformName: ANDROID}, appium:deviceApiLevel: 34, appium:deviceManufacturer: Google, appium:deviceModel: sdk_gphone64_x86_64, appium:deviceName: emulator-5554, appium:deviceScreenDensity: 420, appium:deviceScreenSize: 1080x2400, appium:deviceUDID: emulator-5554, appium:javascriptEnabled: true, appium:locationContextEnabled: false, appium:networkConnectionEnabled: true, appium:pixelRatio: 2.625, appium:platformVersion: 14, appium:statBarHeight: 63, appium:takesScreenshot: true, appium:viewportRect: {height: 2337, left: 0, top: 63, width: 1080}, appium:warnings: {}, appium:webStorageEnabled: false, browserName: Chrome, platformName: ANDROID}<br/>
Session ID: 12dd0f32-899a-4193-96c0-2fdff2709ab1</b></a><br/>
		<div class="stackTrace" id="exception-3acf9a66-c288-42ad-a982-48a217ccb35c">
					java.base/jdk.internal.reflect.NativeConstructorAccessorImpl.newInstance0(Native Method)<br/>
					java.base/jdk.internal.reflect.NativeConstructorAccessorImpl.newInstance(NativeConstructorAccessorImpl.java:77)<br/>
					java.base/jdk.internal.reflect.DelegatingConstructorAccessorImpl.newInstance(DelegatingConstructorAccessorImpl.java:45)<br/>
					java.base/java.lang.reflect.Constructor.newInstanceWithCaller(Constructor.java:499)<br/>
					java.base/java.lang.reflect.Constructor.newInstance(Constructor.java:480)<br/>
					org.openqa.selenium.remote.ErrorCodec.decode(ErrorCodec.java:167)<br/>
					org.openqa.selenium.remote.codec.w3c.W3CHttpResponseCodec.decode(W3CHttpResponseCodec.java:138)<br/>
					org.openqa.selenium.remote.codec.w3c.W3CHttpResponseCodec.decode(W3CHttpResponseCodec.java:50)<br/>
					org.openqa.selenium.remote.HttpCommandExecutor.execute(HttpCommandExecutor.java:190)<br/>
					io.appium.java_client.remote.AppiumCommandExecutor.execute(AppiumCommandExecutor.java:237)<br/>
					org.openqa.selenium.remote.RemoteWebDriver.execute(RemoteWebDriver.java:518)<br/>
					org.openqa.selenium.remote.ElementLocation$ElementFinder$2.findElement(ElementLocation.java:165)<br/>
					org.openqa.selenium.remote.ElementLocation.findElement(ElementLocation.java:59)<br/>
					org.openqa.selenium.remote.RemoteWebDriver.findElement(RemoteWebDriver.java:355)<br/>
					org.openqa.selenium.remote.RemoteWebDriver.findElement(RemoteWebDriver.java:349)<br/>
					JDGroup.AndroidTest.LoginTest.Login(LoginTest.java:57)<br/>
					java.base/jdk.internal.reflect.NativeMethodAccessorImpl.invoke0(Native Method)<br/>
					java.base/jdk.internal.reflect.NativeMethodAccessorImpl.invoke(NativeMethodAccessorImpl.java:77)<br/>
					java.base/jdk.internal.reflect.DelegatingMethodAccessorImpl.invoke(DelegatingMethodAccessorImpl.java:43)<br/>
					java.base/java.lang.reflect.Method.invoke(Method.java:568)<br/>
					org.testng.internal.MethodInvocationHelper.invokeMethod(MethodInvocationHelper.java:133)<br/>
					org.testng.internal.TestInvoker.invokeMethod(TestInvoker.java:598)<br/>
					org.testng.internal.TestInvoker.invokeTestMethod(TestInvoker.java:173)<br/>
					org.testng.internal.MethodRunner.runInSequence(MethodRunner.java:46)<br/>
					org.testng.internal.TestInvoker$MethodInvocationAgent.invoke(TestInvoker.java:824)<br/>
					org.testng.internal.TestInvoker.invokeTestMethods(TestInvoker.java:146)<br/>
					org.testng.internal.TestMethodWorker.invokeTestMethods(TestMethodWorker.java:146)<br/>
					org.testng.internal.TestMethodWorker.run(TestMethodWorker.java:128)<br/>
					java.base/java.util.ArrayList.forEach(ArrayList.java:1511)<br/>
					org.testng.TestRunner.privateRun(TestRunner.java:794)<br/>
					org.testng.TestRunner.run(TestRunner.java:596)<br/>
					org.testng.SuiteRunner.runTest(SuiteRunner.java:377)<br/>
					org.testng.SuiteRunner.runSequentially(SuiteRunner.java:371)<br/>
					org.testng.SuiteRunner.privateRun(SuiteRunner.java:332)<br/>
					org.testng.SuiteRunner.run(SuiteRunner.java:276)<br/>
					org.testng.SuiteRunnerWorker.runSuite(SuiteRunnerWorker.java:53)<br/>
					org.testng.SuiteRunnerWorker.run(SuiteRunnerWorker.java:96)<br/>
					org.testng.TestNG.runSuitesSequentially(TestNG.java:1212)<br/>
					org.testng.TestNG.runSuitesLocally(TestNG.java:1134)<br/>
					org.testng.TestNG.runSuites(TestNG.java:1063)<br/>
					org.testng.TestNG.run(TestNG.java:1031)<br/>
					org.testng.remote.AbstractRemoteTestNG.run(AbstractRemoteTestNG.java:115)<br/>
					org.testng.remote.RemoteTestNG.initAndRun(RemoteTestNG.java:293)<br/>
					org.testng.remote.RemoteTestNG.main(RemoteTestNG.java:91)<br/>
						</div>
		</td>
	</div>
</tr>
						
												<tr>
			<td class="time">1713784218968</td>
			<td class="header passed" colspan="4" onClick="toggleElement('c3797f38-47fb-4ee4-8eb9-513001cd54e7','block');changeSingleIcon('span-c3797f38-47fb-4ee4-8eb9-513001cd54e7');" title="Click to expand/collapse" style="cursor: pointer;">
			<div style="float:left;"><i>Class&nbsp;:&nbsp;</i>JDGroup.AndroidTest.ForgotPasswordTest</div>
			<div style="float:right;">@Test @ with DataProvider : ["testdata"] &nbsp;&nbsp;<span id='span-c3797f38-47fb-4ee4-8eb9-513001cd54e7' class="glyphicon glyphicon-menu-down"></span></div>
			</td>
			</tr>
			<tr>
	<td class="time">1713784218968</td>
	<td class="methodTest">
		<span class="description"><b>Method: </b>Forgotpassword</span><br>
			<span class="description"><b>Description: </b></span><br>
							<span class="duration"><b>Duration: </b>45,744s</span><br>
	</td>
	<td class="result">
					<i>Method arguments: </i><span class="arguments">"abcd@gmail.com", "sacgusaguas", "Abc1234@ijklMno"</span><br>
				<div class="stackTrace" id="c3797f38-47fb-4ee4-8eb9-513001cd54e7" style="display: block;">
					</td>
	</div>
</tr>
						<tr>
			<td class="time">1713784358563</td>
			<td class="header passed" colspan="4" onClick="toggleElement('66ee4833-7401-4c9c-81fd-daa9bda543b4','block');changeSingleIcon('span-66ee4833-7401-4c9c-81fd-daa9bda543b4');" title="Click to expand/collapse" style="cursor: pointer;">
			<div style="float:left;"><i>Class&nbsp;:&nbsp;</i>JDGroup.AndroidTest.ForgotPasswordTest</div>
			<div style="float:right;">@Test @ with DataProvider : ["testdata"] &nbsp;&nbsp;<span id='span-66ee4833-7401-4c9c-81fd-daa9bda543b4' class="glyphicon glyphicon-menu-down"></span></div>
			</td>
			</tr>
			<tr>
	<td class="time">1713784358563</td>
	<td class="methodTest">
		<span class="description"><b>Method: </b>Forgotpassword</span><br>
			<span class="description"><b>Description: </b></span><br>
							<span class="duration"><b>Duration: </b>52,620s</span><br>
	</td>
	<td class="result">
					<i>Method arguments: </i><span class="arguments">"test@123", "sacgusaguas", "Abc1234@ijklMno"</span><br>
				<div class="stackTrace" id="66ee4833-7401-4c9c-81fd-daa9bda543b4" style="display: block;">
					</td>
	</div>
</tr>
										<tr>
			<td class="time">1713784443203</td>
			<td class="header passed" colspan="4" onClick="toggleElement('87fea7e1-d9f7-4fd8-ba41-8d9862af4823','block');changeSingleIcon('span-87fea7e1-d9f7-4fd8-ba41-8d9862af4823');" title="Click to expand/collapse" style="cursor: pointer;">
			<div style="float:left;"><i>Class&nbsp;:&nbsp;</i>JDGroup.AndroidTest.LoginTest</div>
			<div style="float:right;">@Test @ with DataProvider : ["testdata"] &nbsp;&nbsp;<span id='span-87fea7e1-d9f7-4fd8-ba41-8d9862af4823' class="glyphicon glyphicon-menu-down"></span></div>
			</td>
			</tr>
			<tr>
	<td class="time">1713784443203</td>
	<td class="methodTest">
		<span class="description"><b>Method: </b>Login</span><br>
			<span class="description"><b>Description: </b></span><br>
							<span class="duration"><b>Duration: </b>17,878s</span><br>
	</td>
	<td class="result">
					<i>Method arguments: </i><span class="arguments">"abcd", "1234"</span><br>
				<div class="stackTrace" id="87fea7e1-d9f7-4fd8-ba41-8d9862af4823" style="display: block;">
					</td>
	</div>
</tr>
					  
	</tbody>
	</table>
</div>
</body>
</html>
