<?xml version="1.0" encoding="UTF-8"?>
<!-- Generated by org.testng.reporters.JUnitXMLReporter -->
<testsuite ignored="2" hostname="Copious-1197" failures="1" tests="6" name="Test" time="666.731" errors="0" timestamp="2024-04-22T13:20:32 SAST">
  <testcase classname="JDGroup.AndroidTest.ForgotPasswordTest" name="Forgotpassword" time="45.744"/>
  <testcase classname="JDGroup.AndroidTest.ForgotPasswordTest" name="Forgotpassword" time="23.634">
    <skipped/>
  </testcase> <!-- Forgotpassword -->
  <testcase classname="JDGroup.AndroidTest.ForgotPasswordTest" name="Forgotpassword" time="52.62"/>
  <testcase classname="JDGroup.AndroidTest.LoginTest" name="Login" time="17.878"/>
  <testcase classname="JDGroup.AndroidTest.LoginTest" name="Login" time="91.29">
    <skipped/>
  </testcase> <!-- Login -->
  <testcase classname="JDGroup.AndroidTest.LoginTest" name="Login" time="71.553">
    <failure type="org.openqa.selenium.NoSuchElementException" message="no such element: Unable to locate element: {&amp;quot;method&amp;quot;:&amp;quot;xpath&amp;quot;,&amp;quot;selector&amp;quot;:&amp;quot;(.//*[normalize-space(text()) and normalize-space(.)=&amp;apos;Buy Now!&amp;apos;])[1]/following::p[2]&amp;quot;}
  (Session info: chrome=124.0.6355.0)
For documentation on this error, please visit: https://www.selenium.dev/documentation/webdriver/troubleshooting/errors#no-such-element-exception
Build info: version: &amp;apos;4.19.1&amp;apos;, revision: &amp;apos;abe0ee07dc&amp;apos;
System info: os.name: &amp;apos;Windows 11&amp;apos;, os.arch: &amp;apos;amd64&amp;apos;, os.version: &amp;apos;10.0&amp;apos;, java.version: &amp;apos;17.0.10&amp;apos;
Driver info: io.appium.java_client.android.AndroidDriver
Command: [9fadf88f-8442-4379-80eb-c25bd9ef7b76, findElement {value=(.//*[normalize-space(text()) and normalize-space(.)=&amp;apos;Buy Now!&amp;apos;])[1]/following::p[2], using=xpath}]
Capabilities {appium:automationName: UIAutomator2, appium:chromedriverExecutable: C:\Users\nisha\Downloads\ch..., appium:databaseEnabled: false, appium:desired: {appActivity: com.google.android.apps.chr..., appPackage: com.android.chrome, automationName: UIAutomator2, browserName: Chrome, chromedriverExecutable: C:\Users\nisha\Downloads\ch..., deviceName: NishaPhone3, platformName: ANDROID}, appium:deviceApiLevel: 34, appium:deviceManufacturer: Google, appium:deviceModel: sdk_gphone64_x86_64, appium:deviceName: emulator-5554, appium:deviceScreenDensity: 420, appium:deviceScreenSize: 1080x2400, appium:deviceUDID: emulator-5554, appium:javascriptEnabled: true, appium:locationContextEnabled: false, appium:networkConnectionEnabled: true, appium:pixelRatio: 2.625, appium:platformVersion: 14, appium:statBarHeight: 63, appium:takesScreenshot: true, appium:viewportRect: {height: 2337, left: 0, top: 63, width: 1080}, appium:warnings: {}, appium:webStorageEnabled: false, browserName: Chrome, platformName: ANDROID}
Session ID: 9fadf88f-8442-4379-80eb-c25bd9ef7b76">
      <![CDATA[org.openqa.selenium.NoSuchElementException: no such element: Unable to locate element: {"method":"xpath","selector":"(.//*[normalize-space(text()) and normalize-space(.)='Buy Now!'])[1]/following::p[2]"}
  (Session info: chrome=124.0.6355.0)
For documentation on this error, please visit: https://www.selenium.dev/documentation/webdriver/troubleshooting/errors#no-such-element-exception
Build info: version: '4.19.1', revision: 'abe0ee07dc'
System info: os.name: 'Windows 11', os.arch: 'amd64', os.version: '10.0', java.version: '17.0.10'
Driver info: io.appium.java_client.android.AndroidDriver
Command: [9fadf88f-8442-4379-80eb-c25bd9ef7b76, findElement {value=(.//*[normalize-space(text()) and normalize-space(.)='Buy Now!'])[1]/following::p[2], using=xpath}]
Capabilities {appium:automationName: UIAutomator2, appium:chromedriverExecutable: C:\Users\nisha\Downloads\ch..., appium:databaseEnabled: false, appium:desired: {appActivity: com.google.android.apps.chr..., appPackage: com.android.chrome, automationName: UIAutomator2, browserName: Chrome, chromedriverExecutable: C:\Users\nisha\Downloads\ch..., deviceName: NishaPhone3, platformName: ANDROID}, appium:deviceApiLevel: 34, appium:deviceManufacturer: Google, appium:deviceModel: sdk_gphone64_x86_64, appium:deviceName: emulator-5554, appium:deviceScreenDensity: 420, appium:deviceScreenSize: 1080x2400, appium:deviceUDID: emulator-5554, appium:javascriptEnabled: true, appium:locationContextEnabled: false, appium:networkConnectionEnabled: true, appium:pixelRatio: 2.625, appium:platformVersion: 14, appium:statBarHeight: 63, appium:takesScreenshot: true, appium:viewportRect: {height: 2337, left: 0, top: 63, width: 1080}, appium:warnings: {}, appium:webStorageEnabled: false, browserName: Chrome, platformName: ANDROID}
Session ID: 9fadf88f-8442-4379-80eb-c25bd9ef7b76
at org.openqa.selenium.remote.ErrorCodec.decode(ErrorCodec.java:167)
at org.openqa.selenium.remote.codec.w3c.W3CHttpResponseCodec.decode(W3CHttpResponseCodec.java:138)
at org.openqa.selenium.remote.codec.w3c.W3CHttpResponseCodec.decode(W3CHttpResponseCodec.java:50)
at org.openqa.selenium.remote.HttpCommandExecutor.execute(HttpCommandExecutor.java:190)
at io.appium.java_client.remote.AppiumCommandExecutor.execute(AppiumCommandExecutor.java:237)
at org.openqa.selenium.remote.RemoteWebDriver.execute(RemoteWebDriver.java:518)
at org.openqa.selenium.remote.ElementLocation$ElementFinder$2.findElement(ElementLocation.java:165)
at org.openqa.selenium.remote.ElementLocation.findElement(ElementLocation.java:59)
at org.openqa.selenium.remote.RemoteWebDriver.findElement(RemoteWebDriver.java:355)
at org.openqa.selenium.remote.RemoteWebDriver.findElement(RemoteWebDriver.java:349)
at JDGroup.AndroidTest.LoginTest.Login(LoginTest.java:57)
at java.base/java.util.ArrayList.forEach(ArrayList.java:1511)
... Removed 32 stack frames]]>
    </failure>
  </testcase> <!-- Login -->
  <testcase classname="base.BaseTest" name="@BeforeSuite configureAppium" time="0.0">
    <ignored/>
  </testcase> <!-- @BeforeSuite configureAppium -->
  <testcase classname="base.BaseTest" name="@AfterSuite tearDownService" time="0.0">
    <ignored/>
  </testcase> <!-- @AfterSuite tearDownService -->
</testsuite> <!-- Test -->
